0000 fffffff8
0004 00000010
0008 00000028
000c fffffff8
0010 0000001c
0014 0000001c
0018 fffffff8
001c 0000001c
0020 0000001c
0024 fffffff8
0028 00000034
002c 00000048
0030 fffffff8
0034 00000040
0038 0000001c
003c 00000004
0040 00000103
0044 fffffff8
0048 0000001c
004c 00000054
0050 fffffff8
0054 0000001c
0058 00000060
005c fffffff8
0060 0000001c
0064 0000006c
0068 fffffff8
006c 0000001c
0070 00000078
0074 fffffff8
0078 0000001c
007c 00000084
0080 fffffff8
0084 00000090
0088 0000001c
008c 00000004
0090 00000000
00000034 code
0000001c nil
00000010 hidden
00000040 bvmroot
00000004 main
