0000 fffffffffffffff8
0004 00000010
0008 00000028
000c fffffffffffffff8
0010 0000001c
0014 0000001c
0018 fffffffffffffff8
001c 0000001c
0020 0000001c
0024 fffffffffffffff8
0028 00000034
002c 00000118
0030 fffffffffffffff8
0034 00000040
0038 00000054
003c fffffffffffffff8
0040 0000004c
0044 0000001c
0048 00000004
004c 0000face
0050 fffffffffffffff8
0054 00000060
0058 00000074
005c fffffffffffffff8
0060 0000006c
0064 0000001c
0068 00000004
006c babe0000
0070 fffffffffffffff8
0074 00000080
0078 00000088
007c 00000004
0080 00000030
0084 fffffffffffffff8
0088 00000094
008c 000000a8
0090 fffffffffffffff8
0094 000000a0
0098 0000001c
009c 00000004
00a0 00000004
00a4 fffffffffffffff8
00a8 00000080
00ac 000000b4
00b0 fffffffffffffff8
00b4 000000c0
00b8 000000d0
00bc fffffffffffffffc
00c0 000000c8
00c4 00000004
00c8 00007825
00cc fffffffffffffff8
00d0 000000dc
00d4 000000e4
00d8 00000004
00dc 000000c0
00e0 fffffffffffffff8
00e4 000000f0
00e8 000000f8
00ec 00000004
00f0 00000112
00f4 fffffffffffffff8
00f8 00000104
00fc 0000010c
0100 00000004
0104 00000100
0108 fffffffffffffff8
010c 000000f0
0110 0000001c
0114 fffffffffffffff8
0118 0000001c
011c 00000124
0120 fffffffffffffff8
0124 0000001c
0128 00000130
012c fffffffffffffff8
0130 0000001c
0134 0000013c
0138 fffffffffffffff8
013c 0000001c
0140 00000148
0144 fffffffffffffff8
0148 0000001c
014c 00000154
0150 fffffffffffffff8
0154 00000160
0158 0000001c
015c 00000004
0160 00000000
00000034 code
000000dc cprintf
0000001c nil
00000010 hidden
000000f0 zap
00000104 fnord
00000080 cuadd
00000004 main
