0000 fffffff8
0004 00000010
0008 00000028
000c fffffff8
0010 0000001c
0014 0000001c
0018 fffffff8
001c 0000001c
0020 0000001c
0024 fffffff8
0028 00000034
002c 000000dc
0030 fffffff8
0034 00000040
0038 000000c8
003c fffffff8
0040 0000004c
0044 00000060
0048 fffffff8
004c 00000058
0050 0000001c
0054 00000004
0058 00000002
005c fffffff8
0060 0000006c
0064 00000080
0068 fffffff8
006c 00000078
0070 0000001c
0074 00000004
0078 00000003
007c fffffff8
0080 0000008c
0084 00000094
0088 00000004
008c 00000030
0090 fffffff8
0094 000000a0
0098 000000b4
009c fffffff8
00a0 000000ac
00a4 0000001c
00a8 00000004
00ac 00007825
00b0 fffffff8
00b4 000000c0
00b8 0000001c
00bc 00000004
00c0 000000c0
00c4 fffffff8
00c8 000000d4
00cc 0000001c
00d0 00000004
00d4 00000130
00d8 fffffff8
00dc 0000001c
00e0 000000e8
00e4 fffffff8
00e8 0000001c
00ec 000000f4
00f0 fffffff8
00f4 0000001c
00f8 00000100
00fc fffffff8
0100 0000001c
0104 0000010c
0108 fffffff8
010c 0000001c
0110 00000118
0114 fffffff8
0118 00000124
011c 0000001c
0120 00000004
0124 00000000
00000034 code
000000c0 cprintf
0000001c nil
00000010 hidden
0000008c cuadd
00000004 main
000000d4 eval
