0000 fffffffffffffff8
0004 00000010
0008 00000028
000c fffffffffffffff8
0010 0000001c
0014 0000001c
0018 fffffffffffffff8
001c 0000001c
0020 0000001c
0024 fffffffffffffff8
0028 00000034
002c 00000170
0030 fffffffffffffff8
0034 00000040
0038 00000050
003c fffffffffffffffc
0040 00000048
0044 00000004
0048 00000000
004c fffffffffffffff8
0050 0000005c
0054 0000006c
0058 fffffffffffffffc
005c 00000064
0060 00000004
0064 00000001
0068 fffffffffffffff8
006c 00000078
0070 00000088
0074 fffffffffffffffc
0078 00000080
007c 00000004
0080 00000002
0084 fffffffffffffff8
0088 00000094
008c 000000a4
0090 fffffffffffffffc
0094 0000009c
0098 00000004
009c 00000003
00a0 fffffffffffffff8
00a4 000000b0
00a8 000000c0
00ac fffffffffffffffc
00b0 000000b8
00b4 00000004
00b8 00000004
00bc fffffffffffffff8
00c0 000000cc
00c4 000000dc
00c8 fffffffffffffffc
00cc 000000d4
00d0 00000004
00d4 00000005
00d8 fffffffffffffff8
00dc 000000e8
00e0 000000f8
00e4 fffffffffffffffc
00e8 000000f0
00ec 00000004
00f0 00000006
00f4 fffffffffffffff8
00f8 00000104
00fc 00000114
0100 fffffffffffffffc
0104 0000010c
0108 00000004
010c 00000007
0110 fffffffffffffff8
0114 00000120
0118 00000128
011c 00000004
0120 00000112
0124 fffffffffffffff8
0128 00000120
012c 00000134
0130 fffffffffffffff8
0134 00000120
0138 00000140
013c fffffffffffffff8
0140 00000120
0144 0000014c
0148 fffffffffffffff8
014c 00000120
0150 00000158
0154 fffffffffffffff8
0158 00000120
015c 00000164
0160 fffffffffffffff8
0164 00000120
0168 0000001c
016c fffffffffffffff8
0170 0000001c
0174 0000017c
0178 fffffffffffffff8
017c 0000001c
0180 00000188
0184 fffffffffffffff8
0188 0000001c
018c 00000194
0190 fffffffffffffff8
0194 0000001c
0198 000001a0
019c fffffffffffffff8
01a0 0000001c
01a4 000001ac
01a8 fffffffffffffff8
01ac 000001b8
01b0 0000001c
01b4 00000004
01b8 00000000
00000034 code
0000001c nil
00000010 hidden
00000120 zap
00000004 main
