0000 fffffffffffffff8
0004 00000010
0008 00000028
000c fffffffffffffff8
0010 0000001c
0014 0000001c
0018 fffffffffffffff8
001c 0000001c
0020 0000001c
0024 fffffffffffffff8
0028 00000034
002c 0000011c
0030 fffffffffffffff8
0034 00000040
0038 0000001c
003c ffffffffffffffe0
0040 00000064
0044 00000080
0048 000000bc
004c 000000d0
0050 000000d8
0054 000000e4
0058 000000f4
005c 0000010c
0060 fffffffffffffff8
0064 00000070
0068 00000078
006c 00000004
0070 00000002
0074 00000004
0078 00000003
007c fffffffffffffff4
0080 00000090
0084 00000098
0088 000000a0
008c fffffffffffffffc
0090 0000001c
0094 00000004
0098 00000005
009c fffffffffffffffc
00a0 000000a8
00a4 00000010
00a8 00000007
00ac 00000011
00b0 00000013
00b4 00000017
00b8 fffffffffffffff8
00bc 000000c8
00c0 00000090
00c4 00000004
00c8 00000019
00cc fffffffffffffffc
00d0 0000001c
00d4 fffffffffffffff8
00d8 0000001c
00dc 0000001c
00e0 fffffffffffffff4
00e4 0000001c
00e8 0000001c
00ec 0000001c
00f0 ffffffffffffffec
00f4 0000001c
00f8 0000001c
00fc 0000001c
0100 0000001c
0104 0000001c
0108 fffffffffffffffc
010c 00000114
0110 00000004
0114 00000023
0118 fffffffffffffff8
011c 0000001c
0120 00000128
0124 fffffffffffffff8
0128 0000001c
012c 00000134
0130 fffffffffffffff8
0134 0000001c
0138 00000140
013c fffffffffffffff8
0140 0000001c
0144 0000014c
0148 fffffffffffffff8
014c 0000001c
0150 00000158
0154 fffffffffffffff8
0158 00000164
015c 0000001c
0160 00000004
0164 00000000
00000034 code
0000001c nil
00000090 data
00000004 main
00000010 hidden
