0000 fffffffffffffff8
0004 00000010
0008 0000001c
000c fffffffffffffff8
0010 00000010
0014 00000010
0018 fffffffffffffff8
001c 00000028
0020 000001ac
0024 fffffffffffffff8
0028 00000034
002c 0000003c
0030 00000004
0034 00000143
0038 fffffffffffffff8
003c 00000048
0040 00000088
0044 fffffffffffffffc
0048 00000050
004c 00000034
0050 65746e45
0054 68742072
0058 72612065
005c 656d7567
0060 7920746e
0064 6427756f
0068 6b696c20
006c 6f742065
0070 68636520
0074 3028206f
0078 302d3078
007c 00000078
0080 ffffff00
0084 fffffffffffffff8
0088 00000094
008c 0000009c
0090 00000004
0094 000001e0
0098 fffffffffffffff8
009c 00000034
00a0 000000a8
00a4 fffffffffffffff8
00a8 000000b4
00ac 000000bc
00b0 00000004
00b4 0000010b
00b8 fffffffffffffff8
00bc 000000c8
00c0 000000d8
00c4 fffffffffffffffc
00c8 000000d0
00cc 00000004
00d0 00000001
00d4 fffffffffffffff8
00d8 000000e4
00dc 000000ec
00e0 00000004
00e4 00000031
00e8 fffffffffffffff8
00ec 000000f8
00f0 00000100
00f4 00000004
00f8 00000185
00fc fffffffffffffff8
0100 00000094
0104 0000010c
0108 fffffffffffffff8
010c 00000118
0110 0000012c
0114 fffffffffffffffc
0118 00000120
011c 00000008
0120 00203a29
0124 ff000000
0128 fffffffffffffff8
012c 00000094
0130 00000138
0134 fffffffffffffff8
0138 00000144
013c 0000014c
0140 00000004
0144 000001e3
0148 fffffffffffffff8
014c 00000158
0150 00000160
0154 00000004
0158 00000195
015c fffffffffffffff8
0160 0000016c
0164 00000174
0168 00000004
016c 0000012d
0170 fffffffffffffff8
0174 00000094
0178 00000180
017c fffffffffffffff8
0180 0000018c
0184 000001a0
0188 fffffffffffffffc
018c 00000194
0190 00000008
0194 0000000a
0198 ffffff00
019c fffffffffffffff8
01a0 00000094
01a4 00000010
01a8 fffffffffffffff8
01ac 00000010
01b0 000001b8
01b4 fffffffffffffff8
01b8 00000010
01bc 000001c4
01c0 fffffffffffffff8
01c4 00000010
01c8 000001d0
01cc fffffffffffffff8
01d0 00000010
01d4 000001dc
01d8 fffffffffffffff8
01dc 00000010
01e0 000001e8
01e4 fffffffffffffff8
01e8 000001f4
01ec 00000010
01f0 00000004
01f4 00000000
00000028 code
00000158 hex2cu
000000e4 cusub
00000034 argv
000000b4 arlen
000000f8 cu2hex
00000144 stdinln
00000010 nil
00000094 stdout
00000004 main
0000016c cxr
