0000 fffffffffffffff8
0004 00000010
0008 0000001c
000c fffffffffffffff8
0010 00000010
0014 00000010
0018 fffffffffffffff8
001c 00000028
0020 00000264
0024 fffffffffffffff8
0028 00000034
002c 00000054
0030 fffffffffffffffc
0034 0000003c
0038 00000014
003c 65746e45
0040 20612072
0044 626d756e
0048 203a7265
004c ffffffff
0050 fffffffffffffff8
0054 00000060
0058 00000068
005c 00000004
0060 000001e0
0064 fffffffffffffff8
0068 00000074
006c 0000007c
0070 00000004
0074 000001e3
0078 fffffffffffffff8
007c 00000088
0080 00000090
0084 00000004
0088 000001ab
008c fffffffffffffff8
0090 00000060
0094 0000009c
0098 fffffffffffffff8
009c 000000a8
00a0 000000bc
00a4 fffffffffffffffc
00a8 000000b0
00ac 00000008
00b0 00000020
00b4 ffffff00
00b8 fffffffffffffff8
00bc 00000060
00c0 000000c8
00c4 fffffffffffffff8
00c8 000000d4
00cc 000000dc
00d0 00000004
00d4 00000196
00d8 fffffffffffffff8
00dc 000000e8
00e0 00000258
00e4 fffffffffffffffc
00e8 000000f0
00ec fffffffffffffff8
00f0 000000fc
00f4 0000010c
00f8 fffffffffffffffc
00fc 00000104
0100 00000004
0104 00000001
0108 fffffffffffffff8
010c 00000118
0110 00000120
0114 00000004
0118 00000031
011c fffffffffffffff8
0120 00000088
0124 0000012c
0128 fffffffffffffff8
012c 00000138
0130 00000148
0134 fffffffffffffffc
0138 00000140
013c 00000004
0140 00000000
0144 fffffffffffffff8
0148 00000154
014c 0000015c
0150 00000004
0154 00000011
0158 fffffffffffffff8
015c 00000168
0160 000001f0
0164 fffffffffffffffc
0168 00000170
016c fffffffffffffff8
0170 00000088
0174 0000017c
0178 fffffffffffffff8
017c 00000188
0180 00000190
0184 00000004
0188 00000186
018c fffffffffffffff8
0190 00000060
0194 0000019c
0198 fffffffffffffff8
019c 000001a8
01a0 000001bc
01a4 fffffffffffffffc
01a8 000001b0
01ac 00000008
01b0 00000020
01b4 ffffff00
01b8 fffffffffffffff8
01bc 00000060
01c0 000001c8
01c4 fffffffffffffff8
01c8 000001d4
01cc 000001dc
01d0 fffffffffffffffc
01d4 000000f0
01d8 fffffffffffffff8
01dc 000001e8
01e0 00000010
01e4 00000004
01e8 00000122
01ec fffffffffffffff8
01f0 000001fc
01f4 00000230
01f8 fffffffffffffffc
01fc 00000204
0200 fffffffffffffff8
0204 00000210
0208 00000224
020c fffffffffffffffc
0210 00000218
0214 00000008
0218 00000030
021c ffffff00
0220 fffffffffffffff8
0224 00000060
0228 00000010
022c fffffffffffffff8
0230 0000023c
0234 00000244
0238 00000004
023c 0000019f
0240 fffffffffffffff8
0244 00000250
0248 00000010
024c 00000004
0250 00000130
0254 fffffffffffffff8
0258 000001e8
025c 00000010
0260 fffffffffffffff8
0264 00000010
0268 00000270
026c fffffffffffffff8
0270 00000010
0274 0000027c
0278 fffffffffffffff8
027c 00000010
0280 00000288
0284 fffffffffffffff8
0288 00000010
028c 00000294
0290 fffffffffffffff8
0294 00000010
0298 000002a0
029c fffffffffffffff8
02a0 000002ac
02a4 00000010
02a8 00000004
02ac 00000000
00000154 ceq
00000028 code
00000088 dup
00000188 ci2dec
00000118 cusub
000001e8 goto
0000023c sel
00000074 stdinln
00000010 nil
000000d4 dec2ci
00000060 stdout
00000004 main
00000250 eval
000000f0 countdown
