0000 fffffffffffffff8
0004 00000010
0008 0000001c
000c fffffffffffffff8
0010 00000010
0014 00000010
0018 fffffffffffffff8
001c 00000028
0020 0000006c
0024 fffffffffffffff8
0028 00000034
002c 00000044
0030 fffffffffffffffc
0034 0000003c
0038 00000004
003c ffffffff
0040 fffffffffffffff8
0044 00000050
0048 00000058
004c 00000004
0050 00000186
0054 fffffffffffffff8
0058 00000064
005c 00000010
0060 00000004
0064 000001e0
0068 fffffffffffffff8
006c 00000010
0070 00000078
0074 fffffffffffffff8
0078 00000010
007c 00000084
0080 fffffffffffffff8
0084 00000010
0088 00000090
008c fffffffffffffff8
0090 00000010
0094 0000009c
0098 fffffffffffffff8
009c 00000010
00a0 000000a8
00a4 fffffffffffffff8
00a8 000000b4
00ac 00000010
00b0 00000004
00b4 00000000
00000028 code
00000050 ci2dec
00000010 nil
00000064 stdout
00000004 main
