0000 fffffffffffffff8
0004 00000010
0008 0000001c
000c fffffffffffffff8
0010 00000010
0014 00000010
0018 fffffffffffffff8
001c 00000028
0020 000000b4
0024 fffffffffffffff8
0028 00000034
002c 0000003c
0030 00000004
0034 000001e3
0038 fffffffffffffff8
003c 00000048
0040 00000050
0044 00000004
0048 00000080
004c fffffffffffffff8
0050 0000005c
0054 0000006c
0058 fffffffffffffffc
005c 00000064
0060 00000004
0064 00000002
0068 fffffffffffffff8
006c 00000078
0070 00000080
0074 00000004
0078 00000030
007c fffffffffffffff8
0080 0000008c
0084 000000a0
0088 fffffffffffffffc
008c 00000094
0090 00000008
0094 00007525
0098 ffff0000
009c fffffffffffffff8
00a0 000000ac
00a4 00000010
00a8 00000004
00ac 000000c0
00b0 fffffffffffffff8
00b4 00000010
00b8 000000c0
00bc fffffffffffffff8
00c0 00000010
00c4 000000cc
00c8 fffffffffffffff8
00cc 00000010
00d0 000000d8
00d4 fffffffffffffff8
00d8 00000010
00dc 000000e4
00e0 fffffffffffffff8
00e4 00000010
00e8 000000f0
00ec fffffffffffffff8
00f0 000000fc
00f4 00000010
00f8 00000004
00fc 00000000
00000028 code
000000ac cprintf
00000048 catoi
00000034 stdinln
00000010 nil
00000078 cuadd
00000004 main
