0000 fffffffffffffff8
0004 00000010
0008 0000001c
000c fffffffffffffff8
0010 00000010
0014 00000010
0018 fffffffffffffff8
001c 00000028
0020 000000a0
0024 fffffffffffffff8
0028 00000034
002c 00000064
0030 fffffffffffffffc
0034 0000003c
0038 fffffffffffffff4
003c 0000004c
0040 00000058
0044 00000010
0048 00000008
004c ffffffff
0050 babeface
0054 00000008
0058 deadbeef
005c 00decade
0060 fffffffffffffff8
0064 00000070
0068 00000078
006c 00000004
0070 00000101
0074 fffffffffffffff8
0078 00000084
007c 0000008c
0080 00000004
0084 00000117
0088 fffffffffffffff8
008c 00000098
0090 00000010
0094 fffffffffffffffc
0098 0000003c
009c fffffffffffffff8
00a0 00000010
00a4 000000ac
00a8 fffffffffffffff8
00ac 00000010
00b0 000000b8
00b4 fffffffffffffff8
00b8 00000010
00bc 000000c4
00c0 fffffffffffffff8
00c4 00000010
00c8 000000d0
00cc fffffffffffffff8
00d0 00000010
00d4 000000dc
00d8 fffffffffffffff8
00dc 000000e8
00e0 00000010
00e4 00000004
00e8 00000000
00000028 code
0000003c test
00000010 nil
00000084 bbl2gv
00000070 bvmroot
00000004 main
