0000 fffffffffffffff8
0004 00000010
0008 0000001c
000c fffffffffffffff8
0010 00000010
0014 00000010
0018 fffffffffffffff8
001c 00000028
0020 00000108
0024 fffffffffffffff8
0028 00000034
002c 0000003c
0030 00000004
0034 00000125
0038 fffffffffffffff8
003c 00000048
0040 00000068
0044 fffffffffffffffc
0048 00000050
004c 00000014
0050 6c6c6548
0054 77202c6f
0058 646c726f
005c 0000202e
0060 ffff0000
0064 fffffffffffffff8
0068 00000074
006c 0000007c
0070 00000004
0074 000001e0
0078 fffffffffffffff8
007c 00000088
0080 000000e0
0084 fffffffffffffffc
0088 00000090
008c fffffffffffffff8
0090 00000034
0094 0000009c
0098 fffffffffffffff8
009c 000000a8
00a0 000000c0
00a4 fffffffffffffffc
00a8 000000b0
00ac 0000000c
00b0 61796948
00b4 00002021
00b8 ffff0000
00bc fffffffffffffff8
00c0 00000074
00c4 000000cc
00c8 fffffffffffffff8
00cc 000000d8
00d0 00000010
00d4 00000004
00d8 00000126
00dc fffffffffffffff8
00e0 000000ec
00e4 000000f4
00e8 00000004
00ec 00000130
00f0 fffffffffffffff8
00f4 00000100
00f8 00000010
00fc 00000004
0100 00000127
0104 fffffffffffffff8
0108 00000010
010c 00000114
0110 fffffffffffffff8
0114 00000010
0118 00000120
011c fffffffffffffff8
0120 00000010
0124 0000012c
0128 fffffffffffffff8
012c 00000010
0130 00000138
0134 fffffffffffffff8
0138 00000010
013c 00000144
0140 fffffffffffffff8
0144 00000150
0148 00000010
014c 00000004
0150 00000000
00000028 code
00000034 loop
000000d8 last
00000100 next
00000010 nil
00000074 stdout
00000004 main
000000ec eval
