car:
(val 0x1 ) 
cdr:
(ptr (val 0x2 ) (ptr (val 0x3 )  nil ) ) 
cons:
(ptr (val 0x1 ) (ptr (val 0x2 ) (ptr (val 0x3 )  nil ) ) ) 
uncons:
(ptr (val 0x2 ) (ptr (val 0x3 )  nil ) ) 
(val 0x1 ) 
uncons:
(ptr (val 0x2 ) (ptr (val 0x3 )  nil ) ) 
(val 0x1 ) 
ar2ls:
(ptr (val 0x1 ) (ptr (val 0x2 ) (ptr (val 0x3 )  nil ) ) ) 
bons:
(ptr (val 0x1 ) (val 0x2 ) (val 0x3 ) ) 
push:
(ptr (val 0x3 ) (ptr (val 0x1 ) (ptr (val 0x2 )  nil ) ) ) 
pop:
(ptr (val 0x3 )  nil ) 
(ptr (val 0x1 ) (ptr (val 0x2 )  nil ) ) 
unshift:
(ptr (val 0x2 ) (ptr (val 0x3 ) (ptr (val 0x1 )  nil ) ) ) 
shift:
(ptr (val 0x1 )  nil ) 
(ptr (val 0x2 ) (ptr (val 0x3 )  nil ) ) 
