0000 fffffff8
0004 00000010
0008 00000028
000c fffffff8
0010 0000001c
0014 0000001c
0018 fffffff8
001c 0000001c
0020 0000001c
0024 fffffff8
0028 00000034
002c 00000078
0030 fffffff8
0034 00000040
0038 00000050
003c fffffffc
0040 00000048
0044 fffffffc
0048 0000001c
004c fffffff8
0050 0000005c
0054 00000064
0058 00000004
005c 00000103
0060 fffffff8
0064 00000070
0068 0000001c
006c 00000004
0070 0000012c
0074 fffffff8
0078 0000001c
007c 00000084
0080 fffffff8
0084 0000001c
0088 00000090
008c fffffff8
0090 0000001c
0094 0000009c
0098 fffffff8
009c 0000001c
00a0 000000a8
00a4 fffffff8
00a8 0000001c
00ac 000000b4
00b0 fffffff8
00b4 000000c0
00b8 0000001c
00bc 00000004
00c0 00000000
00000034 code
0000001c nil
00000048 stack
00000070 bbl2gv
00000010 hidden
0000005c bvmroot
00000004 main
