0000 fffffffffffffff8
0004 00000010
0008 0000001c
000c fffffffffffffff8
0010 00000010
0014 00000010
0018 fffffffffffffff8
001c 00000010
0020 00000028
0024 fffffffffffffff8
0028 00000010
002c 00000034
0030 fffffffffffffff8
0034 00000010
0038 00000040
003c fffffffffffffff8
0040 00000010
0044 0000004c
0048 fffffffffffffff8
004c 00000010
0050 00000058
0054 fffffffffffffff8
0058 00000010
005c 00000064
0060 fffffffffffffff8
0064 00000070
0068 00000010
006c 00000004
0070 00000000
00000010 nil
00000004 main
