0000 fffffff8
0004 00000010
0008 00000020
000c fffffffc
0010 00000018
0014 00000004
0018 0000dead
001c fffffff8
0020 0000002c
0024 0000003c
0028 fffffffc
002c 00000034
0030 00000004
0034 0000beef
0038 fffffff8
003c 00000048
0040 00000058
0044 fffffffc
0048 00000050
004c 00000004
0050 0000babe
0054 fffffff8
0058 00000064
005c 00000074
0060 fffffffc
0064 0000006c
0068 00000004
006c 0000face
0070 fffffff8
0074 00000080
0078 000000a8
007c fffffff8
0080 0000008c
0084 00000094
0088 00000004
008c 00000002
0090 00000000
0094 3023f4e7
0098 8c2f644d
009c 71cf647b
00a0 e974b23a
00a4 fffffff8
00a8 000000b4
00ac 00000094
00b0 00000004
00b4 000001f2
00000094 nil
000000b4 take
00000004 main
